# JRE version: Java(TM) SE Runtime Environment (8.0_25-b18) (build 1.8.0_25-b18)
# Java VM: Java HotSpot(TM) Client VM (25.25-b02 mixed mode windows-x86 )
Heap:
 def new generation   total 18368K, used 13379K [0x04c00000, 0x05fe0000, 0x0a150000)
  eden space 16384K,  79% used [0x04c00000, 0x058aea70, 0x05c00000)
  from space 1984K,  19% used [0x05c00000, 0x05c624d0, 0x05df0000)
  to   space 1984K,   0% used [0x05df0000, 0x05df0000, 0x05fe0000)
 tenured generation   total 40552K, used 28355K [0x0a150000, 0x0c8ea000, 0x14c00000)
   the space 40552K,  69% used [0x0a150000, 0x0bd00d80, 0x0bd00e00, 0x0c8ea000)
 Metaspace       used 27736K, capacity 28204K, committed 28288K, reserved 29056K
GC Heap History (10 events):
Event: 8.533 GC heap before
{Heap before GC invocations=85 (full 5):
 def new generation   total 18368K, used 18368K [0x04c00000, 0x05fe0000, 0x0a150000)
  eden space 16384K, 100% used [0x04c00000, 0x05c00000, 0x05c00000)
  from space 1984K, 100% used [0x05df0000, 0x05fe0000, 0x05fe0000)
  to   space 1984K,   0% used [0x05c00000, 0x05c00000, 0x05df0000)
 tenured generation   total 40552K, used 24610K [0x0a150000, 0x0c8ea000, 0x14c00000)
   the space 40552K,  60% used [0x0a150000, 0x0b9588d8, 0x0b958a00, 0x0c8ea000)
 Metaspace       used 25680K, capacity 26056K, committed 26112K, reserved 27008K
Event: 8.540 GC heap after
Heap after GC invocations=86 (full 5):
 def new generation   total 18368K, used 1983K [0x04c00000, 0x05fe0000, 0x0a150000)
  eden space 16384K,   0% used [0x04c00000, 0x04c00000, 0x05c00000)
  from space 1984K,  99% used [0x05c00000, 0x05defff8, 0x05df0000)
  to   space 1984K,   0% used [0x05df0000, 0x05df0000, 0x05fe0000)
 tenured generation   total 40552K, used 26287K [0x0a150000, 0x0c8ea000, 0x14c00000)
   the space 40552K,  64% used [0x0a150000, 0x0bafbfd8, 0x0bafc000, 0x0c8ea000)
 Metaspace       used 25680K, capacity 26056K, committed 26112K, reserved 27008K
}
Event: 8.727 GC heap before
{Heap before GC invocations=86 (full 5):
 def new generation   total 18368K, used 18367K [0x04c00000, 0x05fe0000, 0x0a150000)
  eden space 16384K, 100% used [0x04c00000, 0x05c00000, 0x05c00000)
  from space 1984K,  99% used [0x05c00000, 0x05defff8, 0x05df0000)
  to   space 1984K,   0% used [0x05df0000, 0x05df0000, 0x05fe0000)
 tenured generation   total 40552K, used 26287K [0x0a150000, 0x0c8ea000, 0x14c00000)
   the space 40552K,  64% used [0x0a150000, 0x0bafbfd8, 0x0bafc000, 0x0c8ea000)
 Metaspace       used 25962K, capacity 26344K, committed 26496K, reserved 27008K
Event: 8.732 GC heap after
Heap after GC invocations=87 (full 5):
 def new generation   total 18368K, used 1084K [0x04c00000, 0x05fe0000, 0x0a150000)
  eden space 16384K,   0% used [0x04c00000, 0x04c00000, 0x05c00000)
  from space 1984K,  54% used [0x05df0000, 0x05eff0a0, 0x05fe0000)
  to   space 1984K,   0% used [0x05c00000, 0x05c00000, 0x05df0000)
 tenured generation   total 40552K, used 26898K [0x0a150000, 0x0c8ea000, 0x14c00000)
   the space 40552K,  66% used [0x0a150000, 0x0bb94a68, 0x0bb94c00, 0x0c8ea000)
 Metaspace       used 25962K, capacity 26344K, committed 26496K, reserved 27008K
}
Event: 8.979 GC heap before
{Heap before GC invocations=87 (full 5):
 def new generation   total 18368K, used 17468K [0x04c00000, 0x05fe0000, 0x0a150000)
  eden space 16384K, 100% used [0x04c00000, 0x05c00000, 0x05c00000)
  from space 1984K,  54% used [0x05df0000, 0x05eff0a0, 0x05fe0000)
  to   space 1984K,   0% used [0x05c00000, 0x05c00000, 0x05df0000)
 tenured generation   total 40552K, used 26898K [0x0a150000, 0x0c8ea000, 0x14c00000)
   the space 40552K,  66% used [0x0a150000, 0x0bb94a68, 0x0bb94c00, 0x0c8ea000)
 Metaspace       used 27157K, capacity 27584K, committed 27648K, reserved 28032K
Event: 8.983 GC heap after
Heap after GC invocations=88 (full 5):
 def new generation   total 18368K, used 1806K [0x04c00000, 0x05fe0000, 0x0a150000)
  eden space 16384K,   0% used [0x04c00000, 0x04c00000, 0x05c00000)
  from space 1984K,  91% used [0x05c00000, 0x05dc3b70, 0x05df0000)
  to   space 1984K,   0% used [0x05df0000, 0x05df0000, 0x05fe0000)
 tenured generation   total 40552K, used 27800K [0x0a150000, 0x0c8ea000, 0x14c00000)
   the space 40552K,  68% used [0x0a150000, 0x0bc76270, 0x0bc76400, 0x0c8ea000)
 Metaspace       used 27157K, capacity 27584K, committed 27648K, reserved 28032K
}
Event: 9.188 GC heap before
{Heap before GC invocations=88 (full 5):
 def new generation   total 18368K, used 18190K [0x04c00000, 0x05fe0000, 0x0a150000)
  eden space 16384K, 100% used [0x04c00000, 0x05c00000, 0x05c00000)
  from space 1984K,  91% used [0x05c00000, 0x05dc3b70, 0x05df0000)
  to   space 1984K,   0% used [0x05df0000, 0x05df0000, 0x05fe0000)
 tenured generation   total 40552K, used 27800K [0x0a150000, 0x0c8ea000, 0x14c00000)
   the space 40552K,  68% used [0x0a150000, 0x0bc76270, 0x0bc76400, 0x0c8ea000)
 Metaspace       used 27298K, capacity 27716K, committed 27776K, reserved 28032K
Event: 9.200 GC heap after
Heap after GC invocations=89 (full 5):
 def new generation   total 18368K, used 319K [0x04c00000, 0x05fe0000, 0x0a150000)
  eden space 16384K,   0% used [0x04c00000, 0x04c00000, 0x05c00000)
  from space 1984K,  16% used [0x05df0000, 0x05e3fcf0, 0x05fe0000)
  to   space 1984K,   0% used [0x05c00000, 0x05c00000, 0x05df0000)
 tenured generation   total 40552K, used 28355K [0x0a150000, 0x0c8ea000, 0x14c00000)
   the space 40552K,  69% used [0x0a150000, 0x0bd00d80, 0x0bd00e00, 0x0c8ea000)
 Metaspace       used 27298K, capacity 27716K, committed 27776K, reserved 28032K
}
Event: 9.359 GC heap before
{Heap before GC invocations=89 (full 5):
 def new generation   total 18368K, used 16703K [0x04c00000, 0x05fe0000, 0x0a150000)
  eden space 16384K, 100% used [0x04c00000, 0x05c00000, 0x05c00000)
  from space 1984K,  16% used [0x05df0000, 0x05e3fcf0, 0x05fe0000)
  to   space 1984K,   0% used [0x05c00000, 0x05c00000, 0x05df0000)
 tenured generation   total 40552K, used 28355K [0x0a150000, 0x0c8ea000, 0x14c00000)
   the space 40552K,  69% used [0x0a150000, 0x0bd00d80, 0x0bd00e00, 0x0c8ea000)
 Metaspace       used 27376K, capacity 27836K, committed 27904K, reserved 28032K
Event: 9.362 GC heap after
Heap after GC invocations=90 (full 5):
 def new generation   total 18368K, used 393K [0x04c00000, 0x05fe0000, 0x0a150000)
  eden space 16384K,   0% used [0x04c00000, 0x04c00000, 0x05c00000)
  from space 1984K,  19% used [0x05c00000, 0x05c624d0, 0x05df0000)
  to   space 1984K,   0% used [0x05df0000, 0x05df0000, 0x05fe0000)
 tenured generation   total 40552K, used 28355K [0x0a150000, 0x0c8ea000, 0x14c00000)
   the space 40552K,  69% used [0x0a150000, 0x0bd00d80, 0x0bd00e00, 0x0c8ea000)
 Metaspace       used 27376K, capacity 27836K, committed 27904K, reserved 28032K
}

