# JRE version: Java(TM) SE Runtime Environment (8.0_25-b18) (build 1.8.0_25-b18)
# Java VM: Java HotSpot(TM) Client VM (25.25-b02 mixed mode windows-x86 )
Heap:
 def new generation   total 17920K, used 10101K [0x04400000, 0x05770000, 0x09950000)
  eden space 15936K,  57% used [0x04400000, 0x04d033d0, 0x05390000)
  from space 1984K,  43% used [0x05390000, 0x0546a2b0, 0x05580000)
  to   space 1984K,   0% used [0x05580000, 0x05580000, 0x05770000)
 tenured generation   total 39760K, used 26691K [0x09950000, 0x0c024000, 0x14400000)
   the space 39760K,  67% used [0x09950000, 0x0b360e40, 0x0b361000, 0x0c024000)
 Metaspace       used 26835K, capacity 27313K, committed 27392K, reserved 28032K
GC Heap History (10 events):
Event: 8.052 GC heap before
{Heap before GC invocations=47 (full 4):
 def new generation   total 10752K, used 10751K [0x04400000, 0x04fa0000, 0x09950000)
  eden space 9600K, 100% used [0x04400000, 0x04d60000, 0x04d60000)
  from space 1152K,  99% used [0x04d60000, 0x04e7fff8, 0x04e80000)
  to   space 1152K,   0% used [0x04e80000, 0x04e80000, 0x04fa0000)
 tenured generation   total 23728K, used 22744K [0x09950000, 0x0b07c000, 0x14400000)
   the space 23728K,  95% used [0x09950000, 0x0af86128, 0x0af86200, 0x0b07c000)
 Metaspace       used 22929K, capacity 23258K, committed 23424K, reserved 23936K
Event: 8.111 GC heap after
Heap after GC invocations=48 (full 5):
 def new generation   total 17920K, used 575K [0x04400000, 0x05770000, 0x09950000)
  eden space 15936K,   3% used [0x04400000, 0x0448fda8, 0x05390000)
  from space 1984K,   0% used [0x05390000, 0x05390000, 0x05580000)
  to   space 1984K,   0% used [0x05580000, 0x05580000, 0x05770000)
 tenured generation   total 39760K, used 23855K [0x09950000, 0x0c024000, 0x14400000)
   the space 39760K,  59% used [0x09950000, 0x0b09bf00, 0x0b09c000, 0x0c024000)
 Metaspace       used 22929K, capacity 23258K, committed 23424K, reserved 23936K
}
Event: 8.422 GC heap before
{Heap before GC invocations=48 (full 5):
 def new generation   total 17920K, used 15936K [0x04400000, 0x05770000, 0x09950000)
  eden space 15936K, 100% used [0x04400000, 0x05390000, 0x05390000)
  from space 1984K,   0% used [0x05390000, 0x05390000, 0x05580000)
  to   space 1984K,   0% used [0x05580000, 0x05580000, 0x05770000)
 tenured generation   total 39760K, used 23855K [0x09950000, 0x0c024000, 0x14400000)
   the space 39760K,  59% used [0x09950000, 0x0b09bf00, 0x0b09c000, 0x0c024000)
 Metaspace       used 23008K, capacity 23370K, committed 23552K, reserved 23936K
Event: 8.435 GC heap after
Heap after GC invocations=49 (full 5):
 def new generation   total 17920K, used 1062K [0x04400000, 0x05770000, 0x09950000)
  eden space 15936K,   0% used [0x04400000, 0x04400000, 0x05390000)
  from space 1984K,  53% used [0x05580000, 0x056899f0, 0x05770000)
  to   space 1984K,   0% used [0x05390000, 0x05390000, 0x05580000)
 tenured generation   total 39760K, used 23855K [0x09950000, 0x0c024000, 0x14400000)
   the space 39760K,  59% used [0x09950000, 0x0b09bf00, 0x0b09c000, 0x0c024000)
 Metaspace       used 23008K, capacity 23370K, committed 23552K, reserved 23936K
}
Event: 8.877 GC heap before
{Heap before GC invocations=49 (full 5):
 def new generation   total 17920K, used 16998K [0x04400000, 0x05770000, 0x09950000)
  eden space 15936K, 100% used [0x04400000, 0x05390000, 0x05390000)
  from space 1984K,  53% used [0x05580000, 0x056899f0, 0x05770000)
  to   space 1984K,   0% used [0x05390000, 0x05390000, 0x05580000)
 tenured generation   total 39760K, used 23855K [0x09950000, 0x0c024000, 0x14400000)
   the space 39760K,  59% used [0x09950000, 0x0b09bf00, 0x0b09c000, 0x0c024000)
 Metaspace       used 24663K, capacity 25034K, committed 25216K, reserved 25984K
Event: 8.885 GC heap after
Heap after GC invocations=50 (full 5):
 def new generation   total 17920K, used 1984K [0x04400000, 0x05770000, 0x09950000)
  eden space 15936K,   0% used [0x04400000, 0x04400000, 0x05390000)
  from space 1984K, 100% used [0x05390000, 0x05580000, 0x05580000)
  to   space 1984K,   0% used [0x05580000, 0x05580000, 0x05770000)
 tenured generation   total 39760K, used 25791K [0x09950000, 0x0c024000, 0x14400000)
   the space 39760K,  64% used [0x09950000, 0x0b27fe38, 0x0b280000, 0x0c024000)
 Metaspace       used 24663K, capacity 25034K, committed 25216K, reserved 25984K
}
Event: 9.307 GC heap before
{Heap before GC invocations=50 (full 5):
 def new generation   total 17920K, used 17920K [0x04400000, 0x05770000, 0x09950000)
  eden space 15936K, 100% used [0x04400000, 0x05390000, 0x05390000)
  from space 1984K, 100% used [0x05390000, 0x05580000, 0x05580000)
  to   space 1984K,   0% used [0x05580000, 0x05580000, 0x05770000)
 tenured generation   total 39760K, used 25791K [0x09950000, 0x0c024000, 0x14400000)
   the space 39760K,  64% used [0x09950000, 0x0b27fe38, 0x0b280000, 0x0c024000)
 Metaspace       used 25988K, capacity 26402K, committed 26496K, reserved 27008K
Event: 9.312 GC heap after
Heap after GC invocations=51 (full 5):
 def new generation   total 17920K, used 1597K [0x04400000, 0x05770000, 0x09950000)
  eden space 15936K,   0% used [0x04400000, 0x04400000, 0x05390000)
  from space 1984K,  80% used [0x05580000, 0x0570f410, 0x05770000)
  to   space 1984K,   0% used [0x05390000, 0x05390000, 0x05580000)
 tenured generation   total 39760K, used 26316K [0x09950000, 0x0c024000, 0x14400000)
   the space 39760K,  66% used [0x09950000, 0x0b3032c8, 0x0b303400, 0x0c024000)
 Metaspace       used 25988K, capacity 26402K, committed 26496K, reserved 27008K
}
Event: 9.766 GC heap before
{Heap before GC invocations=51 (full 5):
 def new generation   total 17920K, used 17533K [0x04400000, 0x05770000, 0x09950000)
  eden space 15936K, 100% used [0x04400000, 0x05390000, 0x05390000)
  from space 1984K,  80% used [0x05580000, 0x0570f410, 0x05770000)
  to   space 1984K,   0% used [0x05390000, 0x05390000, 0x05580000)
 tenured generation   total 39760K, used 26316K [0x09950000, 0x0c024000, 0x14400000)
   the space 39760K,  66% used [0x09950000, 0x0b3032c8, 0x0b303400, 0x0c024000)
 Metaspace       used 26480K, capacity 26944K, committed 27008K, reserved 27008K
Event: 9.780 GC heap after
Heap after GC invocations=52 (full 5):
 def new generation   total 17920K, used 872K [0x04400000, 0x05770000, 0x09950000)
  eden space 15936K,   0% used [0x04400000, 0x04400000, 0x05390000)
  from space 1984K,  43% used [0x05390000, 0x0546a2b0, 0x05580000)
  to   space 1984K,   0% used [0x05580000, 0x05580000, 0x05770000)
 tenured generation   total 39760K, used 26691K [0x09950000, 0x0c024000, 0x14400000)
   the space 39760K,  67% used [0x09950000, 0x0b360e40, 0x0b361000, 0x0c024000)
 Metaspace       used 26480K, capacity 26944K, committed 27008K, reserved 27008K
}

